<?xml version="1.0" encoding="UTF-8"?>
<Site BuildName="(empty)"
	BuildStamp="20231122-1311-Experimental"
	Name="xie-MACH-WX9"
	Generator="ctest-3.10.2"
	CompilerName="/usr/bin/c++"
	CompilerVersion="7.5.0"
	OSName="Linux"
	Hostname="xie-MACH-WX9"
	OSRelease="5.4.0-150-generic"
	OSVersion="#167~18.04.1-Ubuntu SMP Wed May 24 00:51:42 UTC 2023"
	OSPlatform="x86_64"
	Is64Bits="1"
	VendorString="GenuineIntel"
	VendorID="Intel Corporation"
	FamilyID="6"
	ModelID="142"
	ProcessorCacheSize="6144"
	NumberOfLogicalCPU="8"
	NumberOfPhysicalCPU="4"
	TotalVirtualMemory="2047"
	TotalPhysicalMemory="7707"
	LogicalProcessorsPerPhysical="2"
	ProcessorClockFrequency="2358.39"
	>
	<Testing>
		<StartDateTime>Nov 22 21:12 CST</StartDateTime>
		<StartTestTime>1700658770</StartTestTime>
		<TestList/>
		<EndDateTime>Nov 22 21:12 CST</EndDateTime>
		<EndTestTime>1700658770</EndTestTime>
		<ElapsedMinutes>0</ElapsedMinutes>
	</Testing>
</Site>
